<?xml version="1.0" encoding="UTF-8"?>
<!-- Generated by org.testng.reporters.JUnitXMLReporter -->
<testsuite ignored="0" hostname="DESKTOP-HBGLQ0J" failures="0" tests="3" name="Test" time="15.576" errors="0" timestamp="2024-10-12T11:20:06 IST">
  <testcase classname="testCases.TC001_AccountRegistrationTest" name="verify_account_registration" time="3.329"/>
  <testcase classname="testCases.TC002_LoginTest" name="verify_login" time="1.066"/>
  <testcase classname="testCases.TC003_TitleTest" name="verify_login" time="0.84"/>
</testsuite> <!-- Test -->
