<?xml version="1.0" encoding="UTF-8"?>
<testng-results ignored="0" total="3" passed="3" failed="0" skipped="0">
  <reporter-output>
  </reporter-output>
  <suite started-at="2024-10-12T11:19:49 IST" name="Master Suite" finished-at="2024-10-12T11:20:05 IST" duration-ms="15576">
    <groups>
      <group name="Master">
        <method signature="TC001_AccountRegistrationTest.verify_account_registration()[pri:0, instance:testCases.TC001_AccountRegistrationTest@79d94571]" name="verify_account_registration" class="testCases.TC001_AccountRegistrationTest"/>
        <method signature="TC002_LoginTest.verify_login()[pri:0, instance:testCases.TC002_LoginTest@222eb8aa]" name="verify_login" class="testCases.TC002_LoginTest"/>
        <method signature="TC003_TitleTest.verify_login()[pri:0, instance:testCases.TC003_TitleTest@93cf163]" name="verify_login" class="testCases.TC003_TitleTest"/>
      </group> <!-- Master -->
      <group name="Sanity">
        <method signature="TC002_LoginTest.verify_login()[pri:0, instance:testCases.TC002_LoginTest@222eb8aa]" name="verify_login" class="testCases.TC002_LoginTest"/>
        <method signature="TC003_TitleTest.verify_login()[pri:0, instance:testCases.TC003_TitleTest@93cf163]" name="verify_login" class="testCases.TC003_TitleTest"/>
      </group> <!-- Sanity -->
      <group name="Regression">
        <method signature="TC001_AccountRegistrationTest.verify_account_registration()[pri:0, instance:testCases.TC001_AccountRegistrationTest@79d94571]" name="verify_account_registration" class="testCases.TC001_AccountRegistrationTest"/>
      </group> <!-- Regression -->
    </groups>
    <test started-at="2024-10-12T11:19:49 IST" name="Test" finished-at="2024-10-12T11:20:05 IST" duration-ms="15576">
      <class name="testCases.TC002_LoginTest">
        <test-method is-config="true" signature="setup(java.lang.String,java.lang.String)[pri:0, instance:testCases.TC002_LoginTest@222eb8aa]" started-at="2024-10-12T11:19:57 IST" name="setup" finished-at="2024-10-12T11:20:00 IST" duration-ms="2688" status="PASS">
          <params>
            <param index="0">
              <value>
                <![CDATA[Windows]]>
              </value>
            </param>
            <param index="1">
              <value>
                <![CDATA[chrome]]>
              </value>
            </param>
          </params>
          <reporter-output>
          </reporter-output>
        </test-method> <!-- setup -->
        <test-method signature="verify_login()[pri:0, instance:testCases.TC002_LoginTest@222eb8aa]" started-at="2024-10-12T11:20:00 IST" name="verify_login" finished-at="2024-10-12T11:20:01 IST" duration-ms="1066" status="PASS">
          <reporter-output>
          </reporter-output>
        </test-method> <!-- verify_login -->
        <test-method is-config="true" signature="tearDown()[pri:0, instance:testCases.TC002_LoginTest@222eb8aa]" started-at="2024-10-12T11:20:01 IST" name="tearDown" finished-at="2024-10-12T11:20:01 IST" duration-ms="218" status="PASS">
          <reporter-output>
          </reporter-output>
        </test-method> <!-- tearDown -->
      </class> <!-- testCases.TC002_LoginTest -->
      <class name="testCases.TC003_TitleTest">
        <test-method is-config="true" signature="setup(java.lang.String,java.lang.String)[pri:0, instance:testCases.TC003_TitleTest@93cf163]" started-at="2024-10-12T11:20:01 IST" name="setup" finished-at="2024-10-12T11:20:04 IST" duration-ms="2954" status="PASS">
          <params>
            <param index="0">
              <value>
                <![CDATA[Windows]]>
              </value>
            </param>
            <param index="1">
              <value>
                <![CDATA[chrome]]>
              </value>
            </param>
          </params>
          <reporter-output>
          </reporter-output>
        </test-method> <!-- setup -->
        <test-method signature="verify_login()[pri:0, instance:testCases.TC003_TitleTest@93cf163]" started-at="2024-10-12T11:20:04 IST" name="verify_login" finished-at="2024-10-12T11:20:05 IST" duration-ms="840" status="PASS">
          <reporter-output>
          </reporter-output>
        </test-method> <!-- verify_login -->
        <test-method is-config="true" signature="tearDown()[pri:0, instance:testCases.TC003_TitleTest@93cf163]" started-at="2024-10-12T11:20:05 IST" name="tearDown" finished-at="2024-10-12T11:20:05 IST" duration-ms="157" status="PASS">
          <reporter-output>
          </reporter-output>
        </test-method> <!-- tearDown -->
      </class> <!-- testCases.TC003_TitleTest -->
      <class name="testCases.TC001_AccountRegistrationTest">
        <test-method is-config="true" signature="setup(java.lang.String,java.lang.String)[pri:0, instance:testCases.TC001_AccountRegistrationTest@79d94571]" started-at="2024-10-12T11:19:50 IST" name="setup" finished-at="2024-10-12T11:19:53 IST" duration-ms="3747" status="PASS">
          <params>
            <param index="0">
              <value>
                <![CDATA[Windows]]>
              </value>
            </param>
            <param index="1">
              <value>
                <![CDATA[chrome]]>
              </value>
            </param>
          </params>
          <reporter-output>
          </reporter-output>
        </test-method> <!-- setup -->
        <test-method signature="verify_account_registration()[pri:0, instance:testCases.TC001_AccountRegistrationTest@79d94571]" started-at="2024-10-12T11:19:53 IST" name="verify_account_registration" finished-at="2024-10-12T11:19:57 IST" duration-ms="3329" status="PASS">
          <reporter-output>
          </reporter-output>
        </test-method> <!-- verify_account_registration -->
        <test-method is-config="true" signature="tearDown()[pri:0, instance:testCases.TC001_AccountRegistrationTest@79d94571]" started-at="2024-10-12T11:19:57 IST" name="tearDown" finished-at="2024-10-12T11:19:57 IST" duration-ms="235" status="PASS">
          <reporter-output>
          </reporter-output>
        </test-method> <!-- tearDown -->
      </class> <!-- testCases.TC001_AccountRegistrationTest -->
    </test> <!-- Test -->
  </suite> <!-- Master Suite -->
</testng-results>
